<?xml version="1.0" encoding="UTF-8"?>
<testng-results ignored="0" total="1" passed="1" failed="0" skipped="0">
  <reporter-output>
  </reporter-output>
  <suite started-at="2024-09-18T21:54:09 IST" name="Default suite" finished-at="2024-09-18T21:54:25 IST" duration-ms="15627">
    <groups>
    </groups>
    <test started-at="2024-09-18T21:54:09 IST" name="Default test" finished-at="2024-09-18T21:54:25 IST" duration-ms="15627">
      <class name="functionalTestcase.Testscript01_Test">
        <test-method is-config="true" signature="launchBrowser()[pri:0, instance:functionalTestcase.Testscript01_Test@548e6d58]" started-at="2024-09-18T21:54:09 IST" name="launchBrowser" finished-at="2024-09-18T21:54:20 IST" duration-ms="11409" status="PASS">
          <reporter-output>
          </reporter-output>
        </test-method> <!-- launchBrowser -->
        <test-method is-config="true" signature="loginWithCred()[pri:0, instance:functionalTestcase.Testscript01_Test@548e6d58]" started-at="2024-09-18T21:54:20 IST" name="loginWithCred" finished-at="2024-09-18T21:54:20 IST" duration-ms="1" status="PASS">
          <reporter-output>
          </reporter-output>
        </test-method> <!-- loginWithCred -->
        <test-method signature="searchFuntionality()[pri:0, instance:functionalTestcase.Testscript01_Test@548e6d58]" started-at="2024-09-18T21:54:20 IST" name="searchFuntionality" finished-at="2024-09-18T21:54:23 IST" duration-ms="2889" status="PASS">
          <reporter-output>
          </reporter-output>
        </test-method> <!-- searchFuntionality -->
        <test-method is-config="true" signature="logOut()[pri:0, instance:functionalTestcase.Testscript01_Test@548e6d58]" started-at="2024-09-18T21:54:23 IST" name="logOut" finished-at="2024-09-18T21:54:23 IST" duration-ms="0" status="PASS">
          <reporter-output>
          </reporter-output>
        </test-method> <!-- logOut -->
        <test-method is-config="true" signature="quitDriver()[pri:0, instance:functionalTestcase.Testscript01_Test@548e6d58]" started-at="2024-09-18T21:54:23 IST" name="quitDriver" finished-at="2024-09-18T21:54:25 IST" duration-ms="1264" status="PASS">
          <reporter-output>
          </reporter-output>
        </test-method> <!-- quitDriver -->
      </class> <!-- functionalTestcase.Testscript01_Test -->
    </test> <!-- Default test -->
  </suite> <!-- Default suite -->
</testng-results>
